{"code":"ENOENT","errno":-2,"level":"error","message":"Error executing SQL schema: ENOENT: no such file or directory, open './database/dreams.sql'","path":"./database/dreams.sql","stack":"Error: ENOENT: no such file or directory, open './database/dreams.sql'","syscall":"open"}
{"code":"SQLITE_CONSTRAINT","errno":19,"level":"error","message":"Error updating a dream entry: SQLITE_CONSTRAINT: NOT NULL constraint failed: dreams.date","stack":"Error: SQLITE_CONSTRAINT: NOT NULL constraint failed: dreams.date"}
{"code":"SQLITE_CONSTRAINT","errno":19,"level":"error","message":"Error updating a dream entry: SQLITE_CONSTRAINT: NOT NULL constraint failed: dreams.date","stack":"Error: SQLITE_CONSTRAINT: NOT NULL constraint failed: dreams.date"}
{"code":"SQLITE_READONLY","errno":8,"level":"error","message":"Error adding a dream entry: SQLITE_READONLY: attempt to write a readonly database","stack":"Error: SQLITE_READONLY: attempt to write a readonly database"}
{"code":"SQLITE_READONLY","errno":8,"level":"error","message":"Error adding a dream entry: SQLITE_READONLY: attempt to write a readonly database","stack":"Error: SQLITE_READONLY: attempt to write a readonly database"}
{"code":"SQLITE_READONLY","errno":8,"level":"error","message":"Error adding a dream entry: SQLITE_READONLY: attempt to write a readonly database","stack":"Error: SQLITE_READONLY: attempt to write a readonly database"}
{"code":"SQLITE_READONLY","errno":8,"level":"error","message":"Error adding a dream entry: SQLITE_READONLY: attempt to write a readonly database","stack":"Error: SQLITE_READONLY: attempt to write a readonly database"}
{"code":"SQLITE_READONLY","errno":8,"level":"error","message":"Error adding a dream entry: SQLITE_READONLY: attempt to write a readonly database","stack":"Error: SQLITE_READONLY: attempt to write a readonly database"}
{"code":"SQLITE_READONLY","errno":8,"level":"error","message":"Error adding a dream entry: SQLITE_READONLY: attempt to write a readonly database","stack":"Error: SQLITE_READONLY: attempt to write a readonly database"}
{"code":"SQLITE_READONLY","errno":8,"level":"error","message":"Error adding a dream entry: SQLITE_READONLY: attempt to write a readonly database","stack":"Error: SQLITE_READONLY: attempt to write a readonly database"}
{"code":"SQLITE_READONLY","errno":8,"level":"error","message":"Error adding a dream entry: SQLITE_READONLY: attempt to write a readonly database","stack":"Error: SQLITE_READONLY: attempt to write a readonly database"}
{"code":"SQLITE_READONLY","errno":8,"level":"error","message":"Error adding a dream entry: SQLITE_READONLY: attempt to write a readonly database","stack":"Error: SQLITE_READONLY: attempt to write a readonly database"}
{"code":"SQLITE_READONLY","errno":8,"level":"error","message":"Error adding a dream entry: SQLITE_READONLY: attempt to write a readonly database","stack":"Error: SQLITE_READONLY: attempt to write a readonly database"}
{"code":"SQLITE_READONLY","errno":8,"level":"error","message":"Error adding a dream entry: SQLITE_READONLY: attempt to write a readonly database","stack":"Error: SQLITE_READONLY: attempt to write a readonly database"}
{"code":"SQLITE_READONLY","errno":8,"level":"error","message":"Error adding a dream entry: SQLITE_READONLY: attempt to write a readonly database","stack":"Error: SQLITE_READONLY: attempt to write a readonly database"}
{"code":"SQLITE_READONLY","errno":8,"level":"error","message":"Error updating a dream entry: SQLITE_READONLY: attempt to write a readonly database","stack":"Error: SQLITE_READONLY: attempt to write a readonly database"}
{"code":"SQLITE_READONLY","errno":8,"level":"error","message":"Error updating a dream entry: SQLITE_READONLY: attempt to write a readonly database","stack":"Error: SQLITE_READONLY: attempt to write a readonly database"}
{"code":"SQLITE_READONLY","errno":8,"level":"error","message":"Error updating a dream entry: SQLITE_READONLY: attempt to write a readonly database","stack":"Error: SQLITE_READONLY: attempt to write a readonly database"}
{"code":"SQLITE_READONLY","errno":8,"level":"error","message":"Error updating a dream entry: SQLITE_READONLY: attempt to write a readonly database","stack":"Error: SQLITE_READONLY: attempt to write a readonly database"}
{"code":"ENOENT","errno":-2,"level":"error","message":"Error executing SQL schema: ENOENT: no such file or directory, open '../database/dreams.sql'","path":"../database/dreams.sql","stack":"Error: ENOENT: no such file or directory, open '../database/dreams.sql'\n    at Object.readFileSync (node:fs:453:20)\n    at initializeDatabase (file:///home/vivbuni/Documents/GitHub/CPSC254-Project/dreamjournal/server/database.mjs:10:27)\n    at file:///home/vivbuni/Documents/GitHub/CPSC254-Project/dreamjournal/server/server.js:13:1\n    at ModuleJob.run (node:internal/modules/esm/module_job:218:25)\n    at async ModuleLoader.import (node:internal/modules/esm/loader:329:24)\n    at async loadESM (node:internal/process/esm_loader:34:7)\n    at async handleMainPromise (node:internal/modules/run_main:113:12)","syscall":"open"}
